(1770334932.961018) can0 0400FF80#0000000000000000
(1770334933.022319) can0 04008001#010E240E240E23FF
(1770334933.023332) can0 04008001#020E250E250E23FF
(1770334933.024315) can0 04008001#030E250E240E24FF
(1770334933.032312) can0 04008001#040E260E240E22FF
(1770334933.033321) can0 04008001#050E240E230E29FF
(1770334933.034310) can0 04008001#060E2C0E2A0E2AFF
(1770334933.042303) can0 04008001#070E280E290E2AFF
(1770334933.043307) can0 04048001#0E2C100E220C000A
(1770334933.044302) can0 04088001#140200002D3C0005
(1770334933.052312) can0 040A8001#0000753000000000
(1770334933.053311) can0 04108001#000000FFFFFFFFFF
(1770334933.322326) can0 04008001#010E240E240E24FF
(1770334933.323339) can0 04008001#020E250E250E23FF
(1770334933.324325) can0 04008001#030E240E240E25FF
(1770334933.332304) can0 04008001#040E260E240E21FF
(1770334933.333315) can0 04008001#050E250E230E29FF
(1770334933.334306) can0 04008001#060E2C0E2A0E2AFF
(1770334933.342301) can0 04008001#070E290E280E2AFF
(1770334933.343306) can0 04048001#0E2C100E210C000B
(1770334933.344294) can0 040A8001#0000753000000000
(1770334933.352335) can0 04108001#000000FFFFFFFFFF
(1770334933.422332) can0 04068001#0101000000FFFFFF
(1770334933.622252) can0 04008001#010E230E240E24FF
(1770334933.623244) can0 04008001#020E250E250E24FF
(1770334933.624259) can0 04008001#030E250E240E24FF
(1770334933.632232) can0 04008001#040E260E240E22FF
(1770334933.633248) can0 04008001#050E250E230E29FF
(1770334933.634264) can0 04008001#060E2C0E2A0E2AFF
(1770334933.642231) can0 04008001#070E290E280E2AFF
(1770334933.643233) can0 04048001#0E2C100E220C000A
(1770334933.644253) can0 040A8001#0000753000000000
(1770334933.652511) can0 04108001#000000FFFFFFFFFF
(1770334933.913197) can0 04008001#010E240E240E24FF
(1770334933.914210) can0 04008001#020E250E250E23FF
(1770334933.915169) can0 04008001#030E240E240E25FF
(1770334933.922297) can0 04008001#040E260E240E22FF
(1770334933.923308) can0 04008001#050E250E230E29FF
(1770334933.924318) can0 04008001#060E2C0E2A0E2AFF
(1770334933.932278) can0 04008001#070E290E280E2AFF
(1770334933.933284) can0 04018001#013F3FFFFFFFFFFF
(1770334933.934282) can0 04028001#02D4752D0182EFFF
(1770334933.942326) can0 04038001#0015FFFF45FFFFFF
(1770334933.943329) can0 04048001#0E2C100E220C000A
(1770334933.944326) can0 04058001#3F013F0100FFFFFF
(1770334933.952323) can0 04068001#0101000000FFFFFF
(1770334933.953333) can0 04078001#000000000001FFFF
(1770334933.954332) can0 040E8001#0100000000000000
(1770334933.962329) can0 040E8001#0200000000000000
(1770334933.963326) can0 040A8001#0000753000000000
(1770334933.964335) can0 040B8001#FFFF18FFFFFFFFFF
(1770334933.972307) can0 040C8001#190406000339FFFF
(1770334933.973313) can0 040D8001#00753003E8000001
(1770334933.974304) can0 04108001#000000FFFFFFFFFF
(1770334934.222283) can0 04008001#010E240E240E24FF
(1770334934.223209) can0 04008001#020E250E250E24FF
(1770334934.224274) can0 04008001#030E250E240E24FF
(1770334934.232276) can0 04008001#040E260E240E22FF
(1770334934.233286) can0 04008001#050E250E230E29FF
(1770334934.234317) can0 04008001#060E2C0E2A0E2AFF
(1770334934.242268) can0 04008001#070E290E290E2AFF
(1770334934.243181) can0 04048001#0E2C100E220C000A
(1770334934.244238) can0 040A8001#0000753000000000
(1770334934.252316) can0 04108001#000000FFFFFFFFFF
(1770334934.422303) can0 04068001#0101000000FFFFFF
(1770334934.522275) can0 04008001#010E240E240E24FF
(1770334934.523288) can0 04008001#020E250E250E24FF
(1770334934.524278) can0 04008001#030E240E240E24FF
(1770334934.532277) can0 04008001#040E260E240E22FF
(1770334934.533284) can0 04008001#050E250E240E29FF
(1770334934.534279) can0 04008001#060E2C0E2A0E2AFF
(1770334934.542258) can0 04008001#070E290E280E2AFF
(1770334934.543268) can0 04048001#0E2C100E220C000A
(1770334934.544255) can0 040A8001#0000753000000000
(1770334934.552332) can0 04108001#000000FFFFFFFFFF
(1770334934.822254) can0 04008001#010E240E240E24FF
(1770334934.823256) can0 04008001#020E250E250E23FF
(1770334934.824266) can0 04008001#030E240E240E24FF
(1770334934.832290) can0 04008001#040E260E240E21FF
(1770334934.833281) can0 04008001#050E240E230E29FF
(1770334934.834264) can0 04008001#060E2C0E2A0E2AFF
(1770334934.842268) can0 04008001#070E290E290E2AFF
(1770334934.843254) can0 04048001#0E2C100E210C000B
(1770334934.844267) can0 040A8001#0000753000000000
(1770334934.852320) can0 04108001#000000FFFFFFFFFF
(1770334934.913035) can0 04018001#013F3FFFFFFFFFFF
(1770334934.914040) can0 04028001#02D4752D0182F0FF
(1770334934.915025) can0 04058001#3F013F0100FFFFFF
(1770334934.922292) can0 04068001#0101000000FFFFFF
(1770334934.923304) can0 04078001#000000000001FFFF
(1770334934.924325) can0 040E8001#0100000000000000
(1770334934.932319) can0 040E8001#0200000000000000
(1770334934.933311) can0 040C8001#19040600033AFFFF
(1770334934.934300) can0 040D8001#00753003E8000001
(1770334935.122246) can0 04008001#010E230E240E24FF
(1770334935.123175) can0 04008001#020E250E250E23FF
(1770334935.124258) can0 04008001#030E250E240E25FF
(1770334935.132255) can0 04008001#040E260E240E22FF
(1770334935.133177) can0 04008001#050E250E230E29FF
(1770334935.134240) can0 04008001#060E2C0E2A0E2AFF
(1770334935.142256) can0 04008001#070E290E280E2AFF
(1770334935.143260) can0 04048001#0E2C100E220C000A
(1770334935.144246) can0 040A8001#0000753000000000
(1770334935.152295) can0 04108001#000000FFFFFFFFFF
(1770334935.422204) can0 04008001#010E240E240E24FF
(1770334935.423206) can0 04008001#020E250E240E23FF
(1770334935.424216) can0 04008001#030E240E240E24FF
(1770334935.432193) can0 04008001#040E260E230E21FF
(1770334935.433203) can0 04008001#050E240E230E29FF
(1770334935.434212) can0 04008001#060E2C0E2A0E2AFF
(1770334935.442177) can0 04008001#070E290E280E2AFF
(1770334935.443193) can0 04048001#0E2C100E210C000B
(1770334935.444202) can0 04068001#0101000000FFFFFF
(1770334935.452221) can0 040A8001#0000753000000000
(1770334935.453234) can0 04108001#000000FFFFFFFFFF
(1770334935.722238) can0 04008001#010E240E240E24FF
(1770334935.723238) can0 04008001#020E250E250E23FF
(1770334935.724252) can0 04008001#030E240E240E24FF
(1770334935.732143) can0 04008001#040E260E240E22FF
(1770334935.733145) can0 04008001#050E250E230E29FF
(1770334935.734157) can0 04008001#060E2C0E2A0E2AFF
(1770334935.742201) can0 04008001#070E280E280E2AFF
(1770334935.743218) can0 04048001#0E2C100E220C000A
(1770334935.744258) can0 040A8001#0000753000000000
(1770334935.752242) can0 04108001#000000FFFFFFFFFF
(1770334935.913020) can0 04018001#013F3FFFFFFFFFFF
(1770334935.914027) can0 04028001#02D4752D0182F1FF
(1770334935.915034) can0 04058001#3F013F0100FFFFFF
(1770334935.922274) can0 04068001#0101000000FFFFFF
(1770334935.923286) can0 04078001#000000000001FFFF
(1770334935.924282) can0 040E8001#0100000000000000
(1770334935.932306) can0 040E8001#0200000000000000
(1770334935.933287) can0 040C8001#19040600033BFFFF
(1770334935.934281) can0 040D8001#00753003E8000001
(1770334936.022251) can0 04008001#010E240E240E24FF
(1770334936.023261) can0 04008001#020E250E250E23FF
(1770334936.024303) can0 04008001#030E250E240E24FF
(1770334936.032244) can0 04008001#040E260E240E21FF
(1770334936.033231) can0 04008001#050E250E230E29FF
(1770334936.034242) can0 04008001#060E2C0E2A0E2AFF
(1770334936.042237) can0 04008001#070E280E280E2AFF
(1770334936.043236) can0 04048001#0E2C100E210C000B
(1770334936.044231) can0 040A8001#0000753000000000
(1770334936.052305) can0 04108001#000000FFFFFFFFFF
(1770334936.324566) can0 04008001#010E240E240E24FF
(1770334936.325572) can0 04008001#020E250E250E23FF
(1770334936.326563) can0 04008001#030E240E240E25FF
(1770334936.332238) can0 04008001#040E260E240E22FF
(1770334936.333245) can0 04008001#050E250E230E29FF
(1770334936.334232) can0 04008001#060E2C0E2A0E2AFF
(1770334936.342226) can0 04008001#070E280E290E2AFF
(1770334936.343213) can0 04048001#0E2C100E220C000A
(1770334936.344220) can0 040A8001#0000753000000000
(1770334936.352277) can0 04108001#000000FFFFFFFFFF
(1770334936.422336) can0 04068001#0101000000FFFFFF
(1770334936.613202) can0 04008001#010E240E240E24FF
(1770334936.614216) can0 04008001#020E250E250E23FF
(1770334936.615200) can0 04008001#030E240E240E25FF
(1770334936.622194) can0 04008001#040E260E240E22FF
(1770334936.623150) can0 04008001#050E240E230E29FF
(1770334936.624203) can0 04008001#060E2C0E2A0E2AFF
(1770334936.632178) can0 04008001#070E280E280E2AFF
(1770334936.633190) can0 04048001#0E2C100E220C000A
(1770334936.634203) can0 040A8001#0000753000000000
(1770334936.642221) can0 04108001#000000FFFFFFFFFF
(1770334936.922114) can0 04008001#010E230E240E23FF
(1770334936.923122) can0 04008001#020E250E250E23FF
(1770334936.924132) can0 04008001#030E240E240E24FF
(1770334936.932103) can0 04008001#040E260E230E21FF
(1770334936.933112) can0 04008001#050E240E230E29FF
(1770334936.934122) can0 04008001#060E2C0E290E29FF
(1770334936.942090) can0 04008001#070E280E280E29FF
(1770334936.943099) can0 04018001#013F3FFFFFFFFFFF
(1770334936.944112) can0 04028001#02D4752D0182F2FF
(1770334936.952134) can0 04038001#0015FFFF45FFFFFF
(1770334936.953147) can0 04048001#0E2C100E210C000B
(1770334936.954172) can0 04058001#3F013F0100FFFFFF
(1770334936.962123) can0 04068001#0101000000FFFFFF
(1770334936.963165) can0 04078001#000000000001FFFF
(1770334936.964181) can0 040E8001#0100000000000000
(1770334936.972181) can0 040E8001#0200000000000000
(1770334936.973181) can0 040A8001#0000753000000000
(1770334936.974192) can0 040B8001#FFFF18FFFFFFFFFF
(1770334936.982136) can0 040C8001#190406000400FFFF
(1770334936.983137) can0 040D8001#00753003E8000001
(1770334936.984153) can0 04108001#000000FFFFFFFFFF
(1770334937.212903) can0 04008001#010E240E240E23FF
(1770334937.213894) can0 04008001#020E250E250E23FF
(1770334937.214911) can0 04008001#030E240E240E24FF
(1770334937.222167) can0 04008001#040E260E240E21FF
(1770334937.223176) can0 04008001#050E240E230E29FF
(1770334937.224189) can0 04008001#060E2C0E2A0E2AFF
(1770334937.232144) can0 04008001#070E280E280E2AFF
(1770334937.233156) can0 04048001#0E2C100E210C000B
(1770334937.234167) can0 040A8001#0000753000000000
(1770334937.242192) can0 04108001#000000FFFFFFFFFF
(1770334937.422238) can0 04068001#0101000000FFFFFF
(1770334937.522266) can0 04008001#010E230E240E24FF
(1770334937.523254) can0 04008001#020E240E250E24FF
(1770334937.524252) can0 04008001#030E250E240E24FF
(1770334937.532208) can0 04008001#040E260E240E21FF
(1770334937.533167) can0 04008001#050E240E230E29FF
(1770334937.534207) can0 04008001#060E2C0E2A0E29FF
(1770334937.542223) can0 04008001#070E290E280E29FF
(1770334937.543219) can0 04048001#0E2C100E210C000B
(1770334937.544200) can0 040A8001#0000753000000000
(1770334937.552276) can0 04108001#000000FFFFFFFFFF
(1770334937.822206) can0 04008001#010E240E240E24FF
(1770334937.823195) can0 04008001#020E250E250E24FF
(1770334937.824177) can0 04008001#030E240E240E25FF
(1770334937.832145) can0 04008001#040E260E240E22FF
(1770334937.833147) can0 04008001#050E250E230E29FF
(1770334937.834165) can0 04008001#060E2C0E2A0E2AFF
(1770334937.842151) can0 04008001#070E290E280E2AFF
(1770334937.843157) can0 04048001#0E2C100E220C000A
(1770334937.844142) can0 040A8001#0000753000000000
(1770334937.852181) can0 04108001#000000FFFFFFFFFF
(1770334937.922284) can0 04018001#013F3FFFFFFFFFFF
(1770334937.923221) can0 04028001#02D4752C0182F3FF
(1770334937.924277) can0 04058001#3F013F0100FFFFFF
(1770334937.932221) can0 04068001#0101000000FFFFFF
(1770334937.933244) can0 04078001#000000000001FFFF
(1770334937.934242) can0 040E8001#0100000000000000
(1770334937.942250) can0 040E8001#0200000000000000
(1770334937.943266) can0 040C8001#190406000401FFFF
(1770334937.944243) can0 040D8001#00753003E8000001
